[16Dec2024 00:00:14.151] [Server thread/INFO] [net.minecraft.server.MinecraftServer/]: [Not Secure] <ClementePicaro> chupame los dos huevos, pelotudito
[16Dec2024 00:00:16.507] [Server thread/WARN] [net.minecraft.server.MinecraftServer/]: Can't keep up! Is the server overloaded? Running 2009ms or 40 ticks behind
[16Dec2024 00:00:45.425] [Server thread/INFO] [net.minecraft.server.MinecraftServer/]: [Not Secure] <AssaGM> si entras a la llamada
[16Dec2024 00:00:51.931] [Server thread/INFO] [net.minecraft.server.MinecraftServer/]: [Not Secure] <AssaGM> vito tiene solo cosas negativas para decirte
[16Dec2024 00:01:00.711] [Server thread/INFO] [net.minecraft.server.MinecraftServer/]: [Not Secure] <AssaGM> vos veras que haces
[16Dec2024 00:01:37.394] [Server thread/INFO] [net.minecraft.server.MinecraftServer/]: [Not Secure] <YermanPC> ff
[16Dec2024 00:01:54.546] [Server thread/INFO] [net.minecraft.server.MinecraftServer/]: [Not Secure] <YermanPC> ff
[16Dec2024 00:01:56.242] [Server thread/INFO] [net.minecraft.server.MinecraftServer/]: [Not Secure] <YermanPC> fffff
[16Dec2024 00:02:56.306] [Server thread/INFO] [com.teampotato.redirector.Redirector/]: Redirecting vazkii/quark/base/handler/SortingHandler$ItemType
[16Dec2024 00:03:46.850] [Server thread/INFO] [com.teampotato.redirector.Redirector/]: Redirecting gollorum/signpost/utils/ServerType
[16Dec2024 00:03:56.191] [Server thread/WARN] [net.minecraft.server.level.ServerPlayerGameMode/]: Mismatch in destroy block pos: BlockPos{x=33, y=102, z=121} BlockPos{x=33, y=105, z=123}
[16Dec2024 00:04:00.144] [Server thread/WARN] [net.minecraft.server.level.ServerPlayerGameMode/]: Mismatch in destroy block pos: BlockPos{x=33, y=101, z=116} BlockPos{x=33, y=101, z=115}
[16Dec2024 00:04:00.191] [Server thread/WARN] [net.minecraft.server.level.ServerPlayerGameMode/]: Mismatch in destroy block pos: BlockPos{x=33, y=101, z=116} BlockPos{x=33, y=101, z=115}
[16Dec2024 00:04:04.460] [Server thread/WARN] [net.minecraft.server.level.ServerPlayerGameMode/]: Mismatch in destroy block pos: BlockPos{x=33, y=92, z=104} BlockPos{x=33, y=91, z=106}
[16Dec2024 00:04:17.708] [Server thread/WARN] [net.minecraft.server.level.ServerPlayerGameMode/]: Mismatch in destroy block pos: BlockPos{x=33, y=92, z=104} BlockPos{x=33, y=92, z=103}
[16Dec2024 00:07:31.730] [Server thread/WARN] [net.minecraft.server.MinecraftServer/]: Can't keep up! Is the server overloaded? Running 2932ms or 58 ticks behind
[16Dec2024 00:08:33.420] [Server thread/INFO] [net.minecraft.server.MinecraftServer/]: [Not Secure] <YermanPC> ff
[16Dec2024 00:11:53.216] [Server thread/INFO] [com.teampotato.redirector.Redirector/]: Redirecting slimeknights/tconstruct/smeltery/block/entity/multiblock/MultiblockCuboid$CuboidSide
[16Dec2024 00:12:09.080] [Server thread/INFO] [com.teampotato.redirector.Redirector/]: Redirecting ic2/core/block/base/tiles/impls/machine/single/BaseMachineTileEntity$RecipeResult
[16Dec2024 00:12:44.154] [Netty Epoll Server IO #2/INFO] [com.teampotato.redirector.Redirector/]: Redirecting gollorum/signpost/minecraft/events/WaystoneUpdatedEvent$Type
[16Dec2024 00:15:15.151] [Netty Epoll Server IO #0/INFO] [com.teampotato.redirector.Redirector/]: Redirecting org/cursegame/minecraft/dt/network/ServerMessageTable$Action
[16Dec2024 00:15:45.173] [Server thread/INFO] [com.teampotato.redirector.Redirector/]: Redirecting net/p3pp3rf1y/sophisticatedcore/settings/main/Context
[16Dec2024 00:19:15.366] [Server thread/INFO] [net.minecraft.server.MinecraftServer/]: [Not Secure] <YermanPC> f
[16Dec2024 00:21:20.484] [Server thread/INFO] [net.minecraft.server.MinecraftServer/]: [Not Secure] <YermanPC> ff
[16Dec2024 00:21:26.072] [Server thread/INFO] [net.minecraft.server.network.ServerGamePacketListenerImpl/]: YermanPC lost connection: Disconnected
[16Dec2024 00:21:26.072] [Server thread/INFO] [net.minecraft.server.MinecraftServer/]: YermanPC left the game
[16Dec2024 00:22:00.440] [Netty Epoll Server IO #5/INFO] [Calio/]: Received acknowledgment for login packet with id 94
[16Dec2024 00:22:00.444] [Netty Epoll Server IO #5/INFO] [Calio/]: Received acknowledgment for login packet with id 95
[16Dec2024 00:22:00.444] [Netty Epoll Server IO #5/INFO] [Calio/]: Received acknowledgment for login packet with id 96
[16Dec2024 00:22:00.808] [Netty Epoll Server IO #5/INFO] [Calio/]: Received acknowledgment for login packet with id 97
[16Dec2024 00:22:00.808] [Netty Epoll Server IO #5/INFO] [Calio/]: Received acknowledgment for login packet with id 98
[16Dec2024 00:22:00.809] [Netty Epoll Server IO #5/INFO] [Calio/]: Received acknowledgment for login packet with id 99
[16Dec2024 00:22:00.809] [Netty Epoll Server IO #5/INFO] [Calio/]: Received acknowledgment for login packet with id 100
[16Dec2024 00:22:00.809] [Netty Epoll Server IO #5/INFO] [Calio/]: Received acknowledgment for login packet with id 101
[16Dec2024 00:22:00.810] [Netty Epoll Server IO #5/INFO] [Calio/]: Received acknowledgment for login packet with id 102
[16Dec2024 00:22:00.810] [Netty Epoll Server IO #5/INFO] [Calio/]: Received acknowledgment for login packet with id 103
[16Dec2024 00:22:00.810] [Netty Epoll Server IO #5/INFO] [Calio/]: Received acknowledgment for login packet with id 104
[16Dec2024 00:22:01.588] [Netty Epoll Server IO #5/INFO] [Calio/]: Received acknowledgment for login packet with id 105
[16Dec2024 00:22:01.588] [Netty Epoll Server IO #5/INFO] [Calio/]: Received acknowledgment for login packet with id 106
[16Dec2024 00:22:01.588] [Netty Epoll Server IO #5/INFO] [Calio/]: Received acknowledgment for login packet with id 107
[16Dec2024 00:22:03.775] [Netty Epoll Server IO #5/INFO] [Calio/]: Received acknowledgment for login packet with id 108
[16Dec2024 00:22:03.930] [Server thread/INFO] [net.minecraftforge.common.AdvancementLoadFix/]: Using new advancement loading for net.minecraft.server.PlayerAdvancements@17c4902
[16Dec2024 00:22:03.963] [Server thread/INFO] [net.minecraft.server.players.PlayerList/]: YermanPC[/127.51.19.16:53599] logged in with entity id 19840 at (-98.69047424825294, 118.0, -306.30250302336117)
[16Dec2024 00:22:04.052] [Server thread/INFO] [net.minecraft.server.MinecraftServer/]: YermanPC joined the game
[16Dec2024 00:22:04.086] [Server thread/INFO] [Jade/]: Syncing config to YermanPC (1b3ec6f0-a351-3a71-b967-c2b87eb9546d)
[16Dec2024 00:22:04.114] [Server thread/INFO] [Enigmatic Legacy/INFO]: Synchronizing omniconfig files to YermanPC...
[16Dec2024 00:22:04.115] [Server thread/INFO] [Enigmatic Legacy/INFO]: Sending data for enigmaticlegacy-common.omniconf
[16Dec2024 00:22:04.116] [Server thread/INFO] [Enigmatic Legacy/INFO]: Granting starter gear to YermanPC
[16Dec2024 00:22:26.129] [Server thread/INFO] [net.minecraft.server.MinecraftServer/]: [Not Secure] <YermanPC> ffff
[16Dec2024 00:22:34.075] [Server thread/INFO] [net.minecraft.server.network.ServerGamePacketListenerImpl/]: YermanPC lost connection: Timed out
[16Dec2024 00:22:34.076] [Server thread/INFO] [net.minecraft.server.MinecraftServer/]: YermanPC left the game
[16Dec2024 00:23:15.011] [Netty Epoll Server IO #7/INFO] [Calio/]: Received acknowledgment for login packet with id 94
[16Dec2024 00:23:15.012] [Netty Epoll Server IO #7/INFO] [Calio/]: Received acknowledgment for login packet with id 95
[16Dec2024 00:23:15.012] [Netty Epoll Server IO #7/INFO] [Calio/]: Received acknowledgment for login packet with id 96
[16Dec2024 00:23:15.127] [Netty Epoll Server IO #7/INFO] [Calio/]: Received acknowledgment for login packet with id 97
[16Dec2024 00:23:15.127] [Netty Epoll Server IO #7/INFO] [Calio/]: Received acknowledgment for login packet with id 98
[16Dec2024 00:23:15.128] [Netty Epoll Server IO #7/INFO] [Calio/]: Received acknowledgment for login packet with id 99
[16Dec2024 00:23:15.128] [Netty Epoll Server IO #7/INFO] [Calio/]: Received acknowledgment for login packet with id 100
[16Dec2024 00:23:15.128] [Netty Epoll Server IO #7/INFO] [Calio/]: Received acknowledgment for login packet with id 101
[16Dec2024 00:23:15.128] [Netty Epoll Server IO #7/INFO] [Calio/]: Received acknowledgment for login packet with id 102
[16Dec2024 00:23:15.128] [Netty Epoll Server IO #7/INFO] [Calio/]: Received acknowledgment for login packet with id 103
[16Dec2024 00:23:15.128] [Netty Epoll Server IO #7/INFO] [Calio/]: Received acknowledgment for login packet with id 104
[16Dec2024 00:23:15.595] [Netty Epoll Server IO #7/INFO] [Calio/]: Received acknowledgment for login packet with id 105
[16Dec2024 00:23:15.595] [Netty Epoll Server IO #7/INFO] [Calio/]: Received acknowledgment for login packet with id 106
[16Dec2024 00:23:15.595] [Netty Epoll Server IO #7/INFO] [Calio/]: Received acknowledgment for login packet with id 107
[16Dec2024 00:23:16.699] [Netty Epoll Server IO #7/INFO] [Calio/]: Received acknowledgment for login packet with id 108
[16Dec2024 00:23:16.772] [Server thread/INFO] [net.minecraftforge.common.AdvancementLoadFix/]: Using new advancement loading for net.minecraft.server.PlayerAdvancements@66d3bbd4
[16Dec2024 00:23:16.802] [Server thread/INFO] [net.minecraft.server.players.PlayerList/]: YermanPC[/127.51.19.16:36537] logged in with entity id 20081 at (-98.69047424825294, 118.0, -306.30250302336117)
[16Dec2024 00:23:16.868] [Server thread/INFO] [net.minecraft.server.MinecraftServer/]: YermanPC joined the game
[16Dec2024 00:23:16.885] [Server thread/INFO] [Jade/]: Syncing config to YermanPC (1b3ec6f0-a351-3a71-b967-c2b87eb9546d)
[16Dec2024 00:23:16.917] [Server thread/INFO] [Enigmatic Legacy/INFO]: Synchronizing omniconfig files to YermanPC...
[16Dec2024 00:23:16.918] [Server thread/INFO] [Enigmatic Legacy/INFO]: Sending data for enigmaticlegacy-common.omniconf
[16Dec2024 00:23:16.918] [Server thread/INFO] [Enigmatic Legacy/INFO]: Granting starter gear to YermanPC
[16Dec2024 00:23:42.321] [Server thread/INFO] [net.minecraft.server.MinecraftServer/]: [Not Secure] <YermanPC> asd
[16Dec2024 00:23:46.927] [Server thread/INFO] [net.minecraft.server.network.ServerGamePacketListenerImpl/]: YermanPC lost connection: Timed out
[16Dec2024 00:23:46.927] [Server thread/INFO] [net.minecraft.server.MinecraftServer/]: YermanPC left the game
[16Dec2024 00:25:41.955] [Netty Epoll Server IO #1/INFO] [Calio/]: Received acknowledgment for login packet with id 94
[16Dec2024 00:25:41.955] [Netty Epoll Server IO #1/INFO] [Calio/]: Received acknowledgment for login packet with id 95
[16Dec2024 00:25:41.955] [Netty Epoll Server IO #1/INFO] [Calio/]: Received acknowledgment for login packet with id 96
[16Dec2024 00:25:42.334] [Netty Epoll Server IO #1/INFO] [Calio/]: Received acknowledgment for login packet with id 97
[16Dec2024 00:25:42.334] [Netty Epoll Server IO #1/INFO] [Calio/]: Received acknowledgment for login packet with id 98
[16Dec2024 00:25:42.334] [Netty Epoll Server IO #1/INFO] [Calio/]: Received acknowledgment for login packet with id 99
[16Dec2024 00:25:42.335] [Netty Epoll Server IO #1/INFO] [Calio/]: Received acknowledgment for login packet with id 100
[16Dec2024 00:25:42.335] [Netty Epoll Server IO #1/INFO] [Calio/]: Received acknowledgment for login packet with id 101
[16Dec2024 00:25:42.335] [Netty Epoll Server IO #1/INFO] [Calio/]: Received acknowledgment for login packet with id 102
[16Dec2024 00:25:42.335] [Netty Epoll Server IO #1/INFO] [Calio/]: Received acknowledgment for login packet with id 103
[16Dec2024 00:25:42.335] [Netty Epoll Server IO #1/INFO] [Calio/]: Received acknowledgment for login packet with id 104
[16Dec2024 00:25:43.202] [Netty Epoll Server IO #1/INFO] [Calio/]: Received acknowledgment for login packet with id 105
[16Dec2024 00:25:43.202] [Netty Epoll Server IO #1/INFO] [Calio/]: Received acknowledgment for login packet with id 106
[16Dec2024 00:25:43.203] [Netty Epoll Server IO #1/INFO] [Calio/]: Received acknowledgment for login packet with id 107
[16Dec2024 00:25:45.034] [Netty Epoll Server IO #1/INFO] [Calio/]: Received acknowledgment for login packet with id 108
[16Dec2024 00:25:45.120] [Server thread/INFO] [net.minecraftforge.common.AdvancementLoadFix/]: Using new advancement loading for net.minecraft.server.PlayerAdvancements@205856a3
[16Dec2024 00:25:45.148] [Server thread/INFO] [net.minecraft.server.players.PlayerList/]: YermanPC[/127.51.19.16:58743] logged in with entity id 20516 at (-98.69047424825294, 118.0, -306.30250302336117)
[16Dec2024 00:25:45.216] [Server thread/INFO] [net.minecraft.server.MinecraftServer/]: YermanPC joined the game
[16Dec2024 00:25:45.231] [Server thread/INFO] [Jade/]: Syncing config to YermanPC (1b3ec6f0-a351-3a71-b967-c2b87eb9546d)
[16Dec2024 00:25:45.254] [Server thread/INFO] [Enigmatic Legacy/INFO]: Synchronizing omniconfig files to YermanPC...
[16Dec2024 00:25:45.254] [Server thread/INFO] [Enigmatic Legacy/INFO]: Sending data for enigmaticlegacy-common.omniconf
[16Dec2024 00:25:45.254] [Server thread/INFO] [Enigmatic Legacy/INFO]: Granting starter gear to YermanPC
[16Dec2024 00:26:15.217] [Server thread/INFO] [net.minecraft.server.network.ServerGamePacketListenerImpl/]: YermanPC lost connection: Timed out
[16Dec2024 00:26:15.217] [Server thread/INFO] [net.minecraft.server.MinecraftServer/]: YermanPC left the game
[16Dec2024 00:29:16.510] [Server thread/INFO] [net.minecraft.server.network.ServerLoginPacketListenerImpl/]: /127.51.19.16:36331 lost connection: Disconnected
[16Dec2024 00:29:51.212] [Netty Epoll Server IO #5/INFO] [Calio/]: Received acknowledgment for login packet with id 94
[16Dec2024 00:29:51.212] [Netty Epoll Server IO #5/INFO] [Calio/]: Received acknowledgment for login packet with id 95
[16Dec2024 00:29:51.212] [Netty Epoll Server IO #5/INFO] [Calio/]: Received acknowledgment for login packet with id 96
[16Dec2024 00:29:51.580] [Netty Epoll Server IO #5/INFO] [Calio/]: Received acknowledgment for login packet with id 97
[16Dec2024 00:29:51.604] [Netty Epoll Server IO #5/INFO] [Calio/]: Received acknowledgment for login packet with id 98
[16Dec2024 00:29:51.604] [Netty Epoll Server IO #5/INFO] [Calio/]: Received acknowledgment for login packet with id 99
[16Dec2024 00:29:51.604] [Netty Epoll Server IO #5/INFO] [Calio/]: Received acknowledgment for login packet with id 100
[16Dec2024 00:29:51.604] [Netty Epoll Server IO #5/INFO] [Calio/]: Received acknowledgment for login packet with id 101
[16Dec2024 00:29:51.604] [Netty Epoll Server IO #5/INFO] [Calio/]: Received acknowledgment for login packet with id 102
[16Dec2024 00:29:51.604] [Netty Epoll Server IO #5/INFO] [Calio/]: Received acknowledgment for login packet with id 103
[16Dec2024 00:29:51.604] [Netty Epoll Server IO #5/INFO] [Calio/]: Received acknowledgment for login packet with id 104
[16Dec2024 00:29:52.999] [Netty Epoll Server IO #5/INFO] [Calio/]: Received acknowledgment for login packet with id 105
[16Dec2024 00:29:53.000] [Netty Epoll Server IO #5/INFO] [Calio/]: Received acknowledgment for login packet with id 106
[16Dec2024 00:29:53.000] [Netty Epoll Server IO #5/INFO] [Calio/]: Received acknowledgment for login packet with id 107
[16Dec2024 00:29:55.559] [Netty Epoll Server IO #5/INFO] [Calio/]: Received acknowledgment for login packet with id 108
[16Dec2024 00:29:55.676] [Server thread/INFO] [net.minecraftforge.common.AdvancementLoadFix/]: Using new advancement loading for net.minecraft.server.PlayerAdvancements@70c41112
[16Dec2024 00:29:55.704] [Server thread/INFO] [net.minecraft.server.players.PlayerList/]: YermanPC[/127.51.19.16:51637] logged in with entity id 21227 at (-98.69047424825294, 118.0, -306.30250302336117)
[16Dec2024 00:29:55.758] [Server thread/INFO] [net.minecraft.server.MinecraftServer/]: YermanPC joined the game
[16Dec2024 00:29:55.772] [Server thread/INFO] [Jade/]: Syncing config to YermanPC (1b3ec6f0-a351-3a71-b967-c2b87eb9546d)
[16Dec2024 00:29:55.796] [Server thread/INFO] [Enigmatic Legacy/INFO]: Synchronizing omniconfig files to YermanPC...
[16Dec2024 00:29:55.796] [Server thread/INFO] [Enigmatic Legacy/INFO]: Sending data for enigmaticlegacy-common.omniconf
[16Dec2024 00:29:55.798] [Server thread/INFO] [Enigmatic Legacy/INFO]: Granting starter gear to YermanPC
[16Dec2024 00:30:15.732] [Server thread/INFO] [net.minecraft.server.MinecraftServer/]: [Not Secure] [Server] fasfasf
[16Dec2024 00:30:23.132] [Server thread/INFO] [net.minecraft.server.MinecraftServer/]: [Not Secure] <YermanPC> fff
[16Dec2024 00:30:25.818] [Server thread/INFO] [net.minecraft.server.network.ServerGamePacketListenerImpl/]: YermanPC lost connection: Timed out
[16Dec2024 00:30:25.818] [Server thread/INFO] [net.minecraft.server.MinecraftServer/]: YermanPC left the game
[16Dec2024 00:30:29.009] [Server thread/INFO] [com.teampotato.redirector.Redirector/]: Redirecting com/stal111/forbidden_arcanus/common/entity/lostsoul/LostSoul$Variant
[16Dec2024 00:30:44.813] [Server thread/INFO] [com.teampotato.redirector.Redirector/]: Redirecting ovh/corail/tombstone/helper/Helper$RomanNumeral
[16Dec2024 00:32:46.334] [Netty Epoll Server IO #7/INFO] [Calio/]: Received acknowledgment for login packet with id 94
[16Dec2024 00:32:46.334] [Netty Epoll Server IO #7/INFO] [Calio/]: Received acknowledgment for login packet with id 95
[16Dec2024 00:32:46.334] [Netty Epoll Server IO #7/INFO] [Calio/]: Received acknowledgment for login packet with id 96
[16Dec2024 00:32:46.518] [Netty Epoll Server IO #7/INFO] [Calio/]: Received acknowledgment for login packet with id 97
[16Dec2024 00:32:46.521] [Netty Epoll Server IO #7/INFO] [Calio/]: Received acknowledgment for login packet with id 98
[16Dec2024 00:32:46.526] [Netty Epoll Server IO #7/INFO] [Calio/]: Received acknowledgment for login packet with id 99
[16Dec2024 00:32:46.526] [Netty Epoll Server IO #7/INFO] [Calio/]: Received acknowledgment for login packet with id 100
[16Dec2024 00:32:46.526] [Netty Epoll Server IO #7/INFO] [Calio/]: Received acknowledgment for login packet with id 101
[16Dec2024 00:32:46.526] [Netty Epoll Server IO #7/INFO] [Calio/]: Received acknowledgment for login packet with id 102
[16Dec2024 00:32:46.526] [Netty Epoll Server IO #7/INFO] [Calio/]: Received acknowledgment for login packet with id 103
[16Dec2024 00:32:46.526] [Netty Epoll Server IO #7/INFO] [Calio/]: Received acknowledgment for login packet with id 104
[16Dec2024 00:32:47.626] [Netty Epoll Server IO #7/INFO] [Calio/]: Received acknowledgment for login packet with id 105
[16Dec2024 00:32:47.626] [Netty Epoll Server IO #7/INFO] [Calio/]: Received acknowledgment for login packet with id 106
[16Dec2024 00:32:47.626] [Netty Epoll Server IO #7/INFO] [Calio/]: Received acknowledgment for login packet with id 107
[16Dec2024 00:32:49.814] [Netty Epoll Server IO #7/INFO] [Calio/]: Received acknowledgment for login packet with id 108
[16Dec2024 00:32:49.875] [Server thread/INFO] [net.minecraftforge.common.AdvancementLoadFix/]: Using new advancement loading for net.minecraft.server.PlayerAdvancements@7209e1cb
[16Dec2024 00:32:49.913] [Server thread/INFO] [net.minecraft.server.players.PlayerList/]: YermanPC[/127.51.19.16:42083] logged in with entity id 21744 at (-98.69047424825294, 118.0, -306.30250302336117)
[16Dec2024 00:32:49.994] [Server thread/INFO] [net.minecraft.server.MinecraftServer/]: YermanPC joined the game
[16Dec2024 00:32:50.008] [Server thread/INFO] [Jade/]: Syncing config to YermanPC (1b3ec6f0-a351-3a71-b967-c2b87eb9546d)
[16Dec2024 00:32:50.032] [Server thread/INFO] [Enigmatic Legacy/INFO]: Synchronizing omniconfig files to YermanPC...
[16Dec2024 00:32:50.033] [Server thread/INFO] [Enigmatic Legacy/INFO]: Sending data for enigmaticlegacy-common.omniconf
[16Dec2024 00:32:50.033] [Server thread/INFO] [Enigmatic Legacy/INFO]: Granting starter gear to YermanPC
[16Dec2024 00:33:16.079] [Server thread/INFO] [net.minecraft.server.MinecraftServer/]: [Not Secure] <YermanPC> sds
[16Dec2024 00:33:23.997] [Server thread/INFO] [net.minecraft.server.MinecraftServer/]: [Not Secure] <YermanPC> scs
[16Dec2024 00:33:25.773] [Server thread/INFO] [net.minecraft.server.MinecraftServer/]: [Not Secure] <YermanPC> fsaf
[16Dec2024 00:33:35.428] [Server thread/INFO] [net.minecraft.server.MinecraftServer/]: [Not Secure] <YermanPC> fasfasf
[16Dec2024 00:33:37.481] [Server thread/INFO] [net.minecraft.server.MinecraftServer/]: [Not Secure] <YermanPC> ffffff
[16Dec2024 00:34:12.325] [Server thread/INFO] [net.minecraft.server.MinecraftServer/]: [Not Secure] <YermanPC> fafsf
[16Dec2024 00:34:24.021] [Server thread/INFO] [net.minecraft.server.MinecraftServer/]: [Not Secure] <YermanPC> fsaf
[16Dec2024 00:34:25.416] [Server thread/INFO] [net.minecraft.server.MinecraftServer/]: [Not Secure] <YermanPC> fgsdg
[16Dec2024 00:34:27.727] [Server thread/INFO] [net.minecraft.server.MinecraftServer/]: [Not Secure] <YermanPC> asfsa
[16Dec2024 00:34:30.865] [Server thread/INFO] [net.minecraft.server.MinecraftServer/]: [Not Secure] <YermanPC> eeee
[16Dec2024 00:34:33.673] [Server thread/INFO] [net.minecraft.server.MinecraftServer/]: [Not Secure] <YermanPC> fasfsa
[16Dec2024 00:34:35.016] [Server thread/INFO] [net.minecraft.server.MinecraftServer/]: [Not Secure] <YermanPC> fff
[16Dec2024 00:34:35.717] [Server thread/INFO] [net.minecraft.server.MinecraftServer/]: [Not Secure] <YermanPC> ff
[16Dec2024 00:34:36.421] [Server thread/INFO] [net.minecraft.server.MinecraftServer/]: [Not Secure] <YermanPC> f
[16Dec2024 00:34:42.746] [Server thread/INFO] [net.minecraft.server.MinecraftServer/]: [Not Secure] <YermanPC> safsa
[16Dec2024 00:34:50.616] [Server thread/INFO] [net.minecraft.server.MinecraftServer/]: [Not Secure] <YermanPC> saas
[16Dec2024 00:35:32.241] [Server thread/INFO] [net.minecraft.server.MinecraftServer/]: [Not Secure] <YermanPC> fasf
[16Dec2024 00:39:03.872] [Server thread/INFO] [net.minecraft.server.MinecraftServer/]: [Not Secure] <YermanPC> fas
[16Dec2024 00:44:36.064] [Server thread/INFO] [net.minecraft.server.network.ServerGamePacketListenerImpl/]: YermanPC lost connection: Timed out
[16Dec2024 00:44:36.065] [Server thread/INFO] [net.minecraft.server.MinecraftServer/]: YermanPC left the game
[16Dec2024 00:48:34.320] [Netty Epoll Server IO #1/INFO] [Calio/]: Received acknowledgment for login packet with id 94
[16Dec2024 00:48:34.321] [Netty Epoll Server IO #1/INFO] [Calio/]: Received acknowledgment for login packet with id 95
[16Dec2024 00:48:34.321] [Netty Epoll Server IO #1/INFO] [Calio/]: Received acknowledgment for login packet with id 96
[16Dec2024 00:48:34.321] [Netty Epoll Server IO #1/INFO] [Calio/]: Received acknowledgment for login packet with id 97
[16Dec2024 00:48:34.532] [Netty Epoll Server IO #1/INFO] [Calio/]: Received acknowledgment for login packet with id 98
[16Dec2024 00:48:34.557] [Netty Epoll Server IO #1/INFO] [Calio/]: Received acknowledgment for login packet with id 99
[16Dec2024 00:48:34.557] [Netty Epoll Server IO #1/INFO] [Calio/]: Received acknowledgment for login packet with id 100
[16Dec2024 00:48:34.557] [Netty Epoll Server IO #1/INFO] [Calio/]: Received acknowledgment for login packet with id 101
[16Dec2024 00:48:34.719] [Netty Epoll Server IO #1/INFO] [Calio/]: Received acknowledgment for login packet with id 102
[16Dec2024 00:48:34.720] [Netty Epoll Server IO #1/INFO] [Calio/]: Received acknowledgment for login packet with id 103
[16Dec2024 00:48:34.720] [Netty Epoll Server IO #1/INFO] [Calio/]: Received acknowledgment for login packet with id 104
[16Dec2024 00:48:34.852] [Netty Epoll Server IO #1/INFO] [Calio/]: Received acknowledgment for login packet with id 105
[16Dec2024 00:48:34.878] [Netty Epoll Server IO #1/INFO] [Calio/]: Received acknowledgment for login packet with id 106
[16Dec2024 00:48:34.886] [Netty Epoll Server IO #1/INFO] [Calio/]: Received acknowledgment for login packet with id 107
[16Dec2024 00:48:35.212] [Netty Epoll Server IO #1/INFO] [Calio/]: Received acknowledgment for login packet with id 108
[16Dec2024 00:48:35.319] [Server thread/INFO] [net.minecraftforge.common.AdvancementLoadFix/]: Using new advancement loading for net.minecraft.server.PlayerAdvancements@474af8c8
[16Dec2024 00:48:35.358] [Server thread/INFO] [net.minecraft.server.players.PlayerList/]: YermanPC[/127.100.183.45:58443] logged in with entity id 24683 at (-81.32124518739752, 120.5, -298.9896762382548)
[16Dec2024 00:48:35.419] [Server thread/INFO] [net.minecraft.server.MinecraftServer/]: YermanPC joined the game
[16Dec2024 00:48:35.434] [Server thread/INFO] [Jade/]: Syncing config to YermanPC (1b3ec6f0-a351-3a71-b967-c2b87eb9546d)
[16Dec2024 00:48:35.454] [Server thread/INFO] [Enigmatic Legacy/INFO]: Synchronizing omniconfig files to YermanPC...
[16Dec2024 00:48:35.454] [Server thread/INFO] [Enigmatic Legacy/INFO]: Sending data for enigmaticlegacy-common.omniconf
[16Dec2024 00:48:35.454] [Server thread/INFO] [Enigmatic Legacy/INFO]: Granting starter gear to YermanPC
[16Dec2024 00:49:15.080] [Server thread/INFO] [net.minecraft.server.MinecraftServer/]: [Not Secure] <YermanPC> asfasf
[16Dec2024 00:49:19.869] [Server thread/INFO] [com.teampotato.redirector.Redirector/]: Redirecting gollorum/signpost/interactions/Interactable$InteractionResult
[16Dec2024 00:49:19.873] [Server thread/INFO] [com.teampotato.redirector.Redirector/]: Redirecting gollorum/signpost/interactions/InteractionInfo$Type
[16Dec2024 00:49:26.237] [Server thread/WARN] [net.minecraft.server.MinecraftServer/]: Can't keep up! Is the server overloaded? Running 6339ms or 126 ticks behind
[16Dec2024 00:49:26.469] [Server thread/INFO] [net.minecraft.server.MinecraftServer/]: [Not Secure] <ClementePicaro> t
[16Dec2024 00:55:29.870] [Netty Epoll Server IO #3/INFO] [Calio/]: Received acknowledgment for login packet with id 94
[16Dec2024 00:55:29.988] [Netty Epoll Server IO #3/INFO] [Calio/]: Received acknowledgment for login packet with id 95
[16Dec2024 00:55:29.989] [Netty Epoll Server IO #3/INFO] [Calio/]: Received acknowledgment for login packet with id 96
[16Dec2024 00:55:30.045] [Netty Epoll Server IO #3/INFO] [Calio/]: Received acknowledgment for login packet with id 97
[16Dec2024 00:55:30.068] [Netty Epoll Server IO #3/INFO] [Calio/]: Received acknowledgment for login packet with id 98
[16Dec2024 00:55:30.217] [Netty Epoll Server IO #3/INFO] [Calio/]: Received acknowledgment for login packet with id 99
[16Dec2024 00:55:30.217] [Netty Epoll Server IO #3/INFO] [Calio/]: Received acknowledgment for login packet with id 100
[16Dec2024 00:55:30.217] [Netty Epoll Server IO #3/INFO] [Calio/]: Received acknowledgment for login packet with id 101
[16Dec2024 00:55:30.386] [Netty Epoll Server IO #3/INFO] [Calio/]: Received acknowledgment for login packet with id 102
[16Dec2024 00:55:30.426] [Netty Epoll Server IO #3/INFO] [Calio/]: Received acknowledgment for login packet with id 103
[16Dec2024 00:55:30.426] [Netty Epoll Server IO #3/INFO] [Calio/]: Received acknowledgment for login packet with id 104
[16Dec2024 00:55:30.547] [Netty Epoll Server IO #3/INFO] [Calio/]: Received acknowledgment for login packet with id 105
[16Dec2024 00:55:30.547] [Netty Epoll Server IO #3/INFO] [Calio/]: Received acknowledgment for login packet with id 106
[16Dec2024 00:55:30.547] [Netty Epoll Server IO #3/INFO] [Calio/]: Received acknowledgment for login packet with id 107
[16Dec2024 00:55:30.759] [Netty Epoll Server IO #3/INFO] [Calio/]: Received acknowledgment for login packet with id 108
[16Dec2024 00:55:30.833] [Server thread/INFO] [net.minecraftforge.common.AdvancementLoadFix/]: Using new advancement loading for net.minecraft.server.PlayerAdvancements@1f75a367
[16Dec2024 00:55:30.858] [Server thread/INFO] [net.minecraft.server.players.PlayerList/]: ElCachita_HD[/127.185.219.29:33681] logged in with entity id 26933 at (-345.4153339115486, 71.0, -306.69267341058713)
[16Dec2024 00:55:30.905] [Server thread/INFO] [net.minecraft.server.MinecraftServer/]: ElCachita_HD joined the game
[16Dec2024 00:55:30.916] [Server thread/INFO] [Jade/]: Syncing config to ElCachita_HD (26a48c2e-9e51-346d-a0fe-b0a3963c3905)
[16Dec2024 00:55:30.935] [Server thread/INFO] [Enigmatic Legacy/INFO]: Synchronizing omniconfig files to ElCachita_HD...
[16Dec2024 00:55:30.936] [Server thread/INFO] [Enigmatic Legacy/INFO]: Sending data for enigmaticlegacy-common.omniconf
[16Dec2024 00:55:30.936] [Server thread/INFO] [Enigmatic Legacy/INFO]: Granting starter gear to ElCachita_HD
[16Dec2024 00:55:48.073] [Server thread/INFO] [com.teampotato.redirector.Redirector/]: Redirecting ic2/core/inventory/slot/IGhostSlot$GhostType
[16Dec2024 00:56:01.486] [Server thread/INFO] [com.teampotato.redirector.Redirector/]: Redirecting ic2/core/block/base/features/IClickable$ClickAction
[16Dec2024 00:56:25.458] [Server thread/WARN] [net.minecraft.server.MinecraftServer/]: Can't keep up! Is the server overloaded? Running 2010ms or 40 ticks behind
[16Dec2024 00:56:43.150] [Server thread/WARN] [net.minecraft.server.MinecraftServer/]: Can't keep up! Is the server overloaded? Running 2702ms or 54 ticks behind
[16Dec2024 00:57:11.255] [Server thread/WARN] [net.minecraft.server.MinecraftServer/]: Can't keep up! Is the server overloaded? Running 2007ms or 40 ticks behind
[16Dec2024 00:57:39.105] [Server thread/WARN] [net.minecraft.server.MinecraftServer/]: Can't keep up! Is the server overloaded? Running 2057ms or 41 ticks behind
[16Dec2024 00:58:00.169] [Server thread/WARN] [net.minecraft.server.MinecraftServer/]: Can't keep up! Is the server overloaded? Running 6071ms or 121 ticks behind
[16Dec2024 00:58:19.466] [Server thread/WARN] [net.minecraft.server.MinecraftServer/]: Can't keep up! Is the server overloaded? Running 4318ms or 86 ticks behind
[16Dec2024 00:58:37.964] [Server thread/WARN] [net.minecraft.server.MinecraftServer/]: Can't keep up! Is the server overloaded? Running 3516ms or 70 ticks behind
[16Dec2024 00:58:57.271] [Server thread/WARN] [net.minecraft.server.MinecraftServer/]: Can't keep up! Is the server overloaded? Running 4323ms or 86 ticks behind
[16Dec2024 00:59:17.231] [Server thread/WARN] [net.minecraft.server.MinecraftServer/]: Can't keep up! Is the server overloaded? Running 4983ms or 99 ticks behind
[16Dec2024 00:59:21.283] [Server thread/INFO] [net.minecraft.server.network.ServerGamePacketListenerImpl/]: ClementePicaro lost connection: Disconnected
[16Dec2024 00:59:21.283] [Server thread/INFO] [net.minecraft.server.MinecraftServer/]: ClementePicaro left the game
[16Dec2024 01:00:45.741] [Server thread/INFO] [net.minecraft.server.network.ServerGamePacketListenerImpl/]: ElCachita_HD lost connection: Disconnected
[16Dec2024 01:00:45.741] [Server thread/INFO] [net.minecraft.server.MinecraftServer/]: ElCachita_HD left the game
[16Dec2024 01:00:54.498] [Netty Epoll Server IO #5/INFO] [Calio/]: Received acknowledgment for login packet with id 94
[16Dec2024 01:00:54.624] [Netty Epoll Server IO #5/INFO] [Calio/]: Received acknowledgment for login packet with id 95
[16Dec2024 01:00:54.624] [Netty Epoll Server IO #5/INFO] [Calio/]: Received acknowledgment for login packet with id 96
[16Dec2024 01:00:54.681] [Netty Epoll Server IO #5/INFO] [Calio/]: Received acknowledgment for login packet with id 97
[16Dec2024 01:00:54.681] [Netty Epoll Server IO #5/INFO] [Calio/]: Received acknowledgment for login packet with id 98
[16Dec2024 01:00:54.860] [Netty Epoll Server IO #5/INFO] [Calio/]: Received acknowledgment for login packet with id 99
[16Dec2024 01:00:54.861] [Netty Epoll Server IO #5/INFO] [Calio/]: Received acknowledgment for login packet with id 100
[16Dec2024 01:00:54.861] [Netty Epoll Server IO #5/INFO] [Calio/]: Received acknowledgment for login packet with id 101
[16Dec2024 01:00:54.861] [Netty Epoll Server IO #5/INFO] [Calio/]: Received acknowledgment for login packet with id 102
[16Dec2024 01:00:55.015] [Netty Epoll Server IO #5/INFO] [Calio/]: Received acknowledgment for login packet with id 103
[16Dec2024 01:00:55.058] [Netty Epoll Server IO #5/INFO] [Calio/]: Received acknowledgment for login packet with id 104
[16Dec2024 01:00:55.077] [Netty Epoll Server IO #5/INFO] [Calio/]: Received acknowledgment for login packet with id 105
[16Dec2024 01:00:55.196] [Netty Epoll Server IO #5/INFO] [Calio/]: Received acknowledgment for login packet with id 106
[16Dec2024 01:00:55.196] [Netty Epoll Server IO #5/INFO] [Calio/]: Received acknowledgment for login packet with id 107
[16Dec2024 01:00:55.500] [Netty Epoll Server IO #5/INFO] [Calio/]: Received acknowledgment for login packet with id 108
[16Dec2024 01:00:55.574] [Server thread/INFO] [net.minecraftforge.common.AdvancementLoadFix/]: Using new advancement loading for net.minecraft.server.PlayerAdvancements@45c35e68
[16Dec2024 01:00:55.600] [Server thread/INFO] [net.minecraft.server.players.PlayerList/]: ClementePicaro[/127.196.0.124:58133] logged in with entity id 33020 at (-33.10139724192218, 76.0, 27.18258514591038)
[16Dec2024 01:00:55.642] [Server thread/INFO] [net.minecraft.server.MinecraftServer/]: ClementePicaro joined the game
[16Dec2024 01:00:55.660] [Server thread/INFO] [Jade/]: Syncing config to ClementePicaro (bee586a4-fe2f-3c23-981b-13f80d2e1a22)
[16Dec2024 01:00:55.678] [Server thread/INFO] [Enigmatic Legacy/INFO]: Synchronizing omniconfig files to ClementePicaro...
[16Dec2024 01:00:55.678] [Server thread/INFO] [Enigmatic Legacy/INFO]: Sending data for enigmaticlegacy-common.omniconf
[16Dec2024 01:00:55.678] [Server thread/INFO] [Enigmatic Legacy/INFO]: Granting starter gear to ClementePicaro
[16Dec2024 01:01:42.589] [Server thread/INFO] [net.minecraft.server.MinecraftServer/]: [Not Secure] <YermanPC> fasf
[16Dec2024 01:03:32.875] [Server thread/INFO] [net.minecraft.server.MinecraftServer/]: YermanPC has made the advancement [The Work is Humming]
[16Dec2024 01:03:32.877] [Server thread/INFO] [com.teampotato.redirector.Redirector/]: Redirecting org/cursegame/minecraft/dt/util/I18N
[16Dec2024 01:06:54.474] [Server thread/INFO] [net.minecraft.server.MinecraftServer/]: ClementePicaro has made the advancement [Energy Flow]
[16Dec2024 01:12:15.168] [Server thread/WARN] [net.minecraft.server.network.ServerGamePacketListenerImpl/]: Helicopter (vehicle of YermanPC) moved wrongly! 0.34174490247494305
[16Dec2024 01:12:15.218] [Server thread/WARN] [net.minecraft.server.network.ServerGamePacketListenerImpl/]: Helicopter (vehicle of YermanPC) moved wrongly! 0.9508557348100339
[16Dec2024 01:18:16.172] [Server thread/INFO] [com.teampotato.redirector.Redirector/]: Redirecting com/github/alexthe666/citadel/animation/AnimationHandler
[16Dec2024 01:18:38.605] [Server thread/INFO] [net.minecraft.server.MinecraftServer/]: YermanPC has made the advancement [Sunken City]
[16Dec2024 01:18:59.408] [Server thread/INFO] [com.teampotato.redirector.Redirector/]: Redirecting net/minecraft/world/entity/animal/axolotl/Axolotl$Variant
[16Dec2024 01:19:52.224] [Server thread/ERROR] [net.minecraft.world.entity.decoration.HangingEntity/]: Hanging entity at invalid position: BlockPos{x=-71, y=-48, z=-26}
[16Dec2024 01:19:52.705] [Server thread/INFO] [net.minecraft.server.MinecraftServer/]: [Not Secure] <YermanPC> ff
[16Dec2024 01:19:52.908] [Server thread/INFO] [com.teampotato.redirector.Redirector/]: Redirecting net/minecraftforge/event/level/PistonEvent$PistonMoveType
[16Dec2024 01:19:52.910] [Server thread/INFO] [com.teampotato.redirector.Redirector/]: Redirecting vazkii/quark/api/ICollateralMover$MoveResult
[16Dec2024 01:22:32.329] [Server thread/WARN] [net.minecraft.server.MinecraftServer/]: Can't keep up! Is the server overloaded? Running 2481ms or 49 ticks behind
